Started GET "/" for ::1 at 2021-09-19 09:18:11 +0100
  [1m[35m (1.1ms)[0m  [1m[34mSELECT sqlite_version(*)[0m
Processing by Rails::WelcomeController#index as HTML
  Rendering /Users/graemestirling/.rvm/gems/ruby-3.0.2/gems/railties-6.1.4.1/lib/rails/templates/rails/welcome/index.html.erb
  Rendered /Users/graemestirling/.rvm/gems/ruby-3.0.2/gems/railties-6.1.4.1/lib/rails/templates/rails/welcome/index.html.erb (Duration: 4.3ms | Allocations: 599)
Completed 200 OK in 14ms (Views: 6.8ms | ActiveRecord: 0.0ms | Allocations: 6388)


Started GET "/" for ::1 at 2021-09-19 09:18:12 +0100
Processing by Rails::WelcomeController#index as HTML
  Rendering /Users/graemestirling/.rvm/gems/ruby-3.0.2/gems/railties-6.1.4.1/lib/rails/templates/rails/welcome/index.html.erb
  Rendered /Users/graemestirling/.rvm/gems/ruby-3.0.2/gems/railties-6.1.4.1/lib/rails/templates/rails/welcome/index.html.erb (Duration: 7.1ms | Allocations: 261)
Completed 200 OK in 12ms (Views: 9.8ms | ActiveRecord: 0.0ms | Allocations: 1176)


Started GET "/" for ::1 at 2021-09-19 09:42:16 +0100
  [1m[35m (0.3ms)[0m  [1m[34mSELECT sqlite_version(*)[0m
Processing by Rails::WelcomeController#index as HTML
  Rendering /Users/graemestirling/.rvm/gems/ruby-3.0.2/gems/railties-6.1.4.1/lib/rails/templates/rails/welcome/index.html.erb
  Rendered /Users/graemestirling/.rvm/gems/ruby-3.0.2/gems/railties-6.1.4.1/lib/rails/templates/rails/welcome/index.html.erb (Duration: 4.2ms | Allocations: 492)
Completed 200 OK in 15ms (Views: 5.7ms | ActiveRecord: 0.0ms | Allocations: 3633)


Started GET "/" for ::1 at 2021-09-19 09:42:16 +0100
Processing by Rails::WelcomeController#index as HTML
  Rendering /Users/graemestirling/.rvm/gems/ruby-3.0.2/gems/railties-6.1.4.1/lib/rails/templates/rails/welcome/index.html.erb
  Rendered /Users/graemestirling/.rvm/gems/ruby-3.0.2/gems/railties-6.1.4.1/lib/rails/templates/rails/welcome/index.html.erb (Duration: 16.8ms | Allocations: 282)
Completed 200 OK in 21ms (Views: 18.3ms | ActiveRecord: 0.0ms | Allocations: 1333)


Started GET "/home" for ::1 at 2021-09-19 09:42:20 +0100
  
ActionController::RoutingError (No route matches [GET] "/home"):
  
Started GET "/" for ::1 at 2021-09-19 09:42:26 +0100
Processing by Rails::WelcomeController#index as HTML
  Rendering /Users/graemestirling/.rvm/gems/ruby-3.0.2/gems/railties-6.1.4.1/lib/rails/templates/rails/welcome/index.html.erb
  Rendered /Users/graemestirling/.rvm/gems/ruby-3.0.2/gems/railties-6.1.4.1/lib/rails/templates/rails/welcome/index.html.erb (Duration: 0.2ms | Allocations: 49)
Completed 200 OK in 2ms (Views: 0.9ms | ActiveRecord: 0.0ms | Allocations: 492)


Started GET "/home/index" for ::1 at 2021-09-19 09:42:56 +0100
Processing by HomeController#index as HTML
  Rendering layout layouts/application.html.erb
  Rendering home/index.html.erb within layouts/application
  Rendered home/index.html.erb within layouts/application (Duration: 1.5ms | Allocations: 143)
[Webpacker] Compiling...
[Webpacker] Compiled all packs in /Users/graemestirling/Makers/Week_8/instagram-challenge/public/packs
[Webpacker] warning package.json: No license field

[Webpacker] Hash: e2f281de3ea1fdc4fa5a
Version: webpack 4.46.0
Time: 682ms
Built at: 19/09/2021 09:42:58
                                     Asset       Size       Chunks                         Chunk Names
    js/application-be412d64645010827f4e.js    125 KiB  application  [emitted] [immutable]  application
js/application-be412d64645010827f4e.js.map    139 KiB  application  [emitted] [dev]        application
                             manifest.json  364 bytes               [emitted]              
Entrypoint application = js/application-be412d64645010827f4e.js js/application-be412d64645010827f4e.js.map
[./app/javascript/channels sync recursive _channel\.js$] ./app/javascript/channels sync _channel\.js$ 160 bytes {application} [built]
[./app/javascript/channels/index.js] 211 bytes {application} [built]
[./app/javascript/packs/application.js] 492 bytes {application} [built]
[./node_modules/webpack/buildin/module.js] (webpack)/buildin/module.js 552 bytes {application} [built]
    + 3 hidden modules

  Rendered layout layouts/application.html.erb (Duration: 1976.7ms | Allocations: 15120)
Completed 200 OK in 1982ms (Views: 1979.7ms | ActiveRecord: 0.0ms | Allocations: 16556)


Started GET "/home/index" for ::1 at 2021-09-19 09:58:01 +0100
  
ActionController::RoutingError (No route matches [GET] "/home/index"):
  
Started GET "/home/index" for ::1 at 2021-09-19 09:58:04 +0100
  
ActionController::RoutingError (No route matches [GET] "/home/index"):
  
Started GET "/" for ::1 at 2021-09-19 09:58:07 +0100
Processing by HomeController#index as HTML
  Rendering layout layouts/application.html.erb
  Rendering home/index.html.erb within layouts/application
  Rendered home/index.html.erb within layouts/application (Duration: 0.1ms | Allocations: 57)
[Webpacker] Everything's up-to-date. Nothing to do
  Rendered layout layouts/application.html.erb (Duration: 12.2ms | Allocations: 3701)
Completed 200 OK in 14ms (Views: 13.6ms | Allocations: 4473)


Started GET "/" for ::1 at 2021-09-19 09:59:21 +0100
Processing by HomeController#index as HTML
  Rendering layout layouts/application.html.erb
  Rendering home/index.html.erb within layouts/application
  Rendered home/index.html.erb within layouts/application (Duration: 0.5ms | Allocations: 148)
[Webpacker] Everything's up-to-date. Nothing to do
  Rendered layout layouts/application.html.erb (Duration: 12.2ms | Allocations: 3973)
Completed 200 OK in 18ms (Views: 16.8ms | Allocations: 5377)


Started GET "/" for ::1 at 2021-09-19 09:59:37 +0100
Processing by HomeController#index as HTML
  Rendering layout layouts/application.html.erb
  Rendering home/index.html.erb within layouts/application
  Rendered home/index.html.erb within layouts/application (Duration: 0.8ms | Allocations: 144)
[Webpacker] Everything's up-to-date. Nothing to do
  Rendered layout layouts/application.html.erb (Duration: 10.8ms | Allocations: 3964)
Completed 200 OK in 16ms (Views: 14.3ms | Allocations: 5327)


Started GET "/" for ::1 at 2021-09-19 09:59:44 +0100
Processing by HomeController#index as HTML
  Rendering layout layouts/application.html.erb
  Rendering home/index.html.erb within layouts/application
  Rendered home/index.html.erb within layouts/application (Duration: 0.5ms | Allocations: 144)
[Webpacker] Everything's up-to-date. Nothing to do
  Rendered layout layouts/application.html.erb (Duration: 11.3ms | Allocations: 3960)
Completed 200 OK in 16ms (Views: 14.3ms | Allocations: 5322)


Started GET "/" for ::1 at 2021-09-19 10:00:21 +0100
Processing by HomeController#index as HTML
  Rendering layout layouts/application.html.erb
  Rendering home/index.html.erb within layouts/application
  Rendered home/index.html.erb within layouts/application (Duration: 0.5ms | Allocations: 150)
[Webpacker] Everything's up-to-date. Nothing to do
  Rendered layout layouts/application.html.erb (Duration: 11.6ms | Allocations: 3967)
Completed 200 OK in 15ms (Views: 13.9ms | Allocations: 5330)


Started GET "/" for ::1 at 2021-09-19 10:03:13 +0100
  
ActionController::RoutingError (uninitialized constant HomeController):
  
Started GET "/" for ::1 at 2021-09-19 10:03:27 +0100
Processing by UserController#index as HTML
  Rendering layout layouts/application.html.erb
  Rendering user/index.html.erb within layouts/application
  Rendered user/index.html.erb within layouts/application (Duration: 0.4ms | Allocations: 149)
[Webpacker] Everything's up-to-date. Nothing to do
  Rendered layout layouts/application.html.erb (Duration: 7.0ms | Allocations: 3935)
Completed 200 OK in 10ms (Views: 9.0ms | Allocations: 5394)


Started GET "/" for ::1 at 2021-09-19 10:25:44 +0100
Processing by UserController#index as HTML
  Rendering layout layouts/application.html.erb
  Rendering user/index.html.erb within layouts/application
  Rendered user/index.html.erb within layouts/application (Duration: 0.5ms | Allocations: 149)
[Webpacker] Everything's up-to-date. Nothing to do
  Rendered layout layouts/application.html.erb (Duration: 6.8ms | Allocations: 3931)
Completed 200 OK in 10ms (Views: 8.8ms | Allocations: 5387)


Started GET "/" for ::1 at 2021-09-19 10:25:56 +0100
Processing by UserController#index as HTML
  Rendering layout layouts/application.html.erb
  Rendering user/index.html.erb within layouts/application
  Rendered user/index.html.erb within layouts/application (Duration: 0.6ms | Allocations: 148)
[Webpacker] Everything's up-to-date. Nothing to do
  Rendered layout layouts/application.html.erb (Duration: 12.1ms | Allocations: 3967)
Completed 200 OK in 16ms (Views: 14.4ms | Allocations: 5328)


Started GET "/" for ::1 at 2021-09-19 10:26:10 +0100
Processing by UserController#index as HTML
  Rendering layout layouts/application.html.erb
  Rendering user/index.html.erb within layouts/application
  Rendered user/index.html.erb within layouts/application (Duration: 0.6ms | Allocations: 151)
[Webpacker] Everything's up-to-date. Nothing to do
  Rendered layout layouts/application.html.erb (Duration: 10.2ms | Allocations: 3979)
Completed 200 OK in 15ms (Views: 13.3ms | Allocations: 5352)


Started GET "/" for ::1 at 2021-09-19 10:26:32 +0100
Processing by UserController#index as HTML
  Rendering layout layouts/application.html.erb
  Rendering user/index.html.erb within layouts/application
  Rendered user/index.html.erb within layouts/application (Duration: 0.6ms | Allocations: 148)
[Webpacker] Everything's up-to-date. Nothing to do
  Rendered layout layouts/application.html.erb (Duration: 11.6ms | Allocations: 3968)
Completed 200 OK in 16ms (Views: 14.7ms | Allocations: 5331)


Started GET "/signup" for ::1 at 2021-09-19 10:28:57 +0100
  
ArgumentError (Missing :controller key on routes definition, please check your routes.):
  
config/routes.rb:3:in `block in <main>'
config/routes.rb:1:in `<main>'
Started GET "/user/signup" for ::1 at 2021-09-19 10:30:19 +0100
Processing by UserController#signup as HTML
  Rendering layout layouts/application.html.erb
  Rendering user/signup.html.erb within layouts/application
  Rendered user/signup.html.erb within layouts/application (Duration: 0.9ms | Allocations: 140)
[Webpacker] Everything's up-to-date. Nothing to do
  Rendered layout layouts/application.html.erb (Duration: 7.2ms | Allocations: 3927)
Completed 200 OK in 10ms (Views: 8.8ms | Allocations: 5386)


Started GET "/user/signup" for ::1 at 2021-09-19 10:39:50 +0100
Processing by UserController#signup as HTML
  Rendering layout layouts/application.html.erb
  Rendering user/signup.html.erb within layouts/application
  Rendered user/signup.html.erb within layouts/application (Duration: 0.8ms | Allocations: 142)
[Webpacker] Everything's up-to-date. Nothing to do
  Rendered layout layouts/application.html.erb (Duration: 10.2ms | Allocations: 3991)
Completed 200 OK in 16ms (Views: 14.1ms | Allocations: 5359)


Started GET "/" for ::1 at 2021-09-19 10:39:54 +0100
Processing by UserController#index as HTML
  Rendering layout layouts/application.html.erb
  Rendering user/index.html.erb within layouts/application
  Rendered user/index.html.erb within layouts/application (Duration: 0.8ms | Allocations: 109)
[Webpacker] Everything's up-to-date. Nothing to do
  Rendered layout layouts/application.html.erb (Duration: 8.1ms | Allocations: 3514)
Completed 200 OK in 10ms (Views: 8.8ms | Allocations: 4127)


Started GET "/" for ::1 at 2021-09-19 10:41:52 +0100
Processing by UserController#index as HTML
  Rendering layout layouts/application.html.erb
  Rendering user/index.html.erb within layouts/application
  Rendered user/index.html.erb within layouts/application (Duration: 0.9ms | Allocations: 147)
[Webpacker] Everything's up-to-date. Nothing to do
  Rendered layout layouts/application.html.erb (Duration: 11.3ms | Allocations: 3996)
Completed 200 OK in 16ms (Views: 14.2ms | Allocations: 5317)


Started GET "/users.signup" for ::1 at 2021-09-19 10:42:02 +0100
  
ActionController::RoutingError (No route matches [GET] "/users.signup"):
  
Started GET "/users/signup" for ::1 at 2021-09-19 10:42:06 +0100
  
ActionController::RoutingError (No route matches [GET] "/users/signup"):
  
Started GET "/user/signup" for ::1 at 2021-09-19 10:42:14 +0100
Processing by UserController#signup as HTML
  Rendering layout layouts/application.html.erb
  Rendering user/signup.html.erb within layouts/application
  Rendered user/signup.html.erb within layouts/application (Duration: 1.2ms | Allocations: 102)
[Webpacker] Everything's up-to-date. Nothing to do
  Rendered layout layouts/application.html.erb (Duration: 9.6ms | Allocations: 3514)
Completed 200 OK in 12ms (Views: 10.4ms | Allocations: 4097)


Started GET "/user/signup" for ::1 at 2021-09-19 10:44:59 +0100
Processing by UserController#signup as HTML
  Rendering layout layouts/application.html.erb
  Rendering user/signup.html.erb within layouts/application
  Rendered user/signup.html.erb within layouts/application (Duration: 0.8ms | Allocations: 144)
[Webpacker] Everything's up-to-date. Nothing to do
  Rendered user/_header.html.erb (Duration: 0.4ms | Allocations: 108)
  Rendered layout layouts/application.html.erb (Duration: 13.7ms | Allocations: 4313)
Completed 200 OK in 20ms (Views: 18.6ms | Allocations: 5628)


Started GET "/" for ::1 at 2021-09-19 10:45:04 +0100
Processing by UserController#index as HTML
  Rendering layout layouts/application.html.erb
  Rendering user/index.html.erb within layouts/application
  Rendered user/index.html.erb within layouts/application (Duration: 0.7ms | Allocations: 109)
[Webpacker] Everything's up-to-date. Nothing to do
  Rendered user/_header.html.erb (Duration: 0.2ms | Allocations: 40)
  Rendered layout layouts/application.html.erb (Duration: 9.2ms | Allocations: 3612)
Completed 200 OK in 12ms (Views: 9.9ms | Allocations: 4225)


Started GET "/" for ::1 at 2021-09-19 10:52:31 +0100
Processing by UserController#index as HTML
  Rendering layout layouts/application.html.erb
  Rendering user/index.html.erb within layouts/application
  Rendered user/index.html.erb within layouts/application (Duration: 0.8ms | Allocations: 146)
[Webpacker] Everything's up-to-date. Nothing to do
  Rendered user/_header.html.erb (Duration: 0.4ms | Allocations: 143)
  Rendered layout layouts/application.html.erb (Duration: 15.7ms | Allocations: 4339)
Completed 200 OK in 21ms (Views: 19.2ms | Allocations: 5653)


Started GET "/" for ::1 at 2021-09-19 10:53:24 +0100
Processing by UserController#index as HTML
  Rendering layout layouts/application.html.erb
  Rendering user/index.html.erb within layouts/application
  Rendered user/index.html.erb within layouts/application (Duration: 1.1ms | Allocations: 147)
[Webpacker] Everything's up-to-date. Nothing to do
  Rendered user/_header.html.erb (Duration: 0.6ms | Allocations: 140)
  Rendered layout layouts/application.html.erb (Duration: 14.8ms | Allocations: 4337)
Completed 200 OK in 18ms (Views: 17.0ms | Allocations: 5699)


Started GET "/" for ::1 at 2021-09-19 10:54:43 +0100
Processing by UserController#index as HTML
  Rendering layout layouts/application.html.erb
  Rendering user/index.html.erb within layouts/application
  Rendered user/index.html.erb within layouts/application (Duration: 0.5ms | Allocations: 146)
[Webpacker] Everything's up-to-date. Nothing to do
  Rendered user/_header.html.erb (Duration: 0.6ms | Allocations: 141)
  Rendered layout layouts/application.html.erb (Duration: 10.9ms | Allocations: 4345)
Completed 200 OK in 16ms (Views: 13.6ms | Allocations: 5707)


Started GET "/docs/5.1/assets/brand/bootstrap-logo.svg" for ::1 at 2021-09-19 10:54:43 +0100
  
ActionController::RoutingError (No route matches [GET] "/docs/5.1/assets/brand/bootstrap-logo.svg"):
  
Started GET "/" for ::1 at 2021-09-19 10:56:21 +0100
Processing by UserController#index as HTML
  Rendering layout layouts/application.html.erb
  Rendering user/index.html.erb within layouts/application
  Rendered user/index.html.erb within layouts/application (Duration: 0.9ms | Allocations: 151)
[Webpacker] Everything's up-to-date. Nothing to do
  Rendered user/_header.html.erb (Duration: 0.5ms | Allocations: 141)
  Rendered layout layouts/application.html.erb (Duration: 17.1ms | Allocations: 4351)
Completed 200 OK in 21ms (Views: 19.4ms | Allocations: 5682)


Started GET "/" for ::1 at 2021-09-19 10:56:38 +0100
Processing by UserController#index as HTML
  Rendering layout layouts/application.html.erb
  Rendering user/index.html.erb within layouts/application
  Rendered user/index.html.erb within layouts/application (Duration: 0.5ms | Allocations: 146)
[Webpacker] Everything's up-to-date. Nothing to do
  Rendered user/_header.html.erb (Duration: 0.7ms | Allocations: 141)
  Rendered layout layouts/application.html.erb (Duration: 11.1ms | Allocations: 4337)
Completed 200 OK in 15ms (Views: 13.8ms | Allocations: 5699)


Started GET "/" for ::1 at 2021-09-19 10:56:52 +0100
Processing by UserController#index as HTML
  Rendering layout layouts/application.html.erb
  Rendering user/index.html.erb within layouts/application
  Rendered user/index.html.erb within layouts/application (Duration: 0.5ms | Allocations: 147)
[Webpacker] Everything's up-to-date. Nothing to do
  Rendered user/_header.html.erb (Duration: 0.6ms | Allocations: 142)
  Rendered layout layouts/application.html.erb (Duration: 10.8ms | Allocations: 4340)
Completed 200 OK in 15ms (Views: 13.3ms | Allocations: 5702)


Started GET "/" for ::1 at 2021-09-19 11:11:25 +0100
Processing by UserController#index as HTML
  Rendering layout layouts/application.html.erb
  Rendering user/index.html.erb within layouts/application
  Rendered user/index.html.erb within layouts/application (Duration: 2.0ms | Allocations: 146)
[Webpacker] Everything's up-to-date. Nothing to do
  Rendered user/_header.html.erb (Duration: 0.4ms | Allocations: 142)
  Rendered layout layouts/application.html.erb (Duration: 16.1ms | Allocations: 4346)
Completed 200 OK in 25ms (Views: 21.8ms | Allocations: 5708)


Started GET "/" for ::1 at 2021-09-19 11:12:09 +0100
Processing by UserController#index as HTML
  Rendering layout layouts/application.html.erb
  Rendering user/index.html.erb within layouts/application
  Rendered user/index.html.erb within layouts/application (Duration: 0.5ms | Allocations: 146)
[Webpacker] Everything's up-to-date. Nothing to do
  Rendered user/_header.html.erb (Duration: 0.6ms | Allocations: 142)
  Rendered layout layouts/application.html.erb (Duration: 16.3ms | Allocations: 4338)
Completed 200 OK in 21ms (Views: 18.9ms | Allocations: 5699)


Started GET "/" for ::1 at 2021-09-19 11:12:24 +0100
Processing by UserController#index as HTML
  Rendering layout layouts/application.html.erb
  Rendering user/index.html.erb within layouts/application
  Rendered user/index.html.erb within layouts/application (Duration: 0.6ms | Allocations: 146)
[Webpacker] Everything's up-to-date. Nothing to do
  Rendered user/_header.html.erb (Duration: 0.5ms | Allocations: 142)
  Rendered layout layouts/application.html.erb (Duration: 16.8ms | Allocations: 4338)
Completed 200 OK in 22ms (Views: 20.6ms | Allocations: 5699)


Started GET "/" for ::1 at 2021-09-19 11:16:16 +0100
Processing by UserController#index as HTML
  Rendering layout layouts/application.html.erb
  Rendering user/index.html.erb within layouts/application
  Rendered user/index.html.erb within layouts/application (Duration: 0.8ms | Allocations: 151)
[Webpacker] Everything's up-to-date. Nothing to do
  Rendered user/_header.html.erb (Duration: 0.6ms | Allocations: 142)
  Rendered layout layouts/application.html.erb (Duration: 14.0ms | Allocations: 4352)
Completed 200 OK in 18ms (Views: 16.7ms | Allocations: 5720)


Started GET "/imgs/logo.png" for ::1 at 2021-09-19 11:16:16 +0100
  
ActionController::RoutingError (No route matches [GET] "/imgs/logo.png"):
  
Started GET "/" for ::1 at 2021-09-19 11:16:39 +0100
Processing by UserController#index as HTML
  Rendering layout layouts/application.html.erb
  Rendering user/index.html.erb within layouts/application
  Rendered user/index.html.erb within layouts/application (Duration: 0.5ms | Allocations: 146)
[Webpacker] Everything's up-to-date. Nothing to do
  Rendered user/_header.html.erb (Duration: 0.8ms | Allocations: 142)
  Rendered layout layouts/application.html.erb (Duration: 10.8ms | Allocations: 4346)
Completed 200 OK in 15ms (Views: 13.3ms | Allocations: 5673)


Started GET "/layouts/imgs/logo.png" for ::1 at 2021-09-19 11:16:39 +0100
  
ActionController::RoutingError (No route matches [GET] "/layouts/imgs/logo.png"):
  
Started GET "/" for ::1 at 2021-09-19 11:17:31 +0100
Processing by UserController#index as HTML
  Rendering layout layouts/application.html.erb
  Rendering user/index.html.erb within layouts/application
  Rendered user/index.html.erb within layouts/application (Duration: 0.6ms | Allocations: 151)
[Webpacker] Everything's up-to-date. Nothing to do
  Rendered user/_header.html.erb (Duration: 0.6ms | Allocations: 142)
  Rendered layout layouts/application.html.erb (Duration: 12.5ms | Allocations: 4352)
Completed 200 OK in 17ms (Views: 15.2ms | Allocations: 5683)


Started GET "/logo.png" for ::1 at 2021-09-19 11:17:31 +0100
  
ActionController::RoutingError (No route matches [GET] "/logo.png"):
  
Started GET "/" for ::1 at 2021-09-19 11:19:12 +0100
Processing by UserController#index as HTML
  Rendering layout layouts/application.html.erb
  Rendering user/index.html.erb within layouts/application
  Rendered user/index.html.erb within layouts/application (Duration: 0.5ms | Allocations: 146)
[Webpacker] Everything's up-to-date. Nothing to do
  Rendered user/_header.html.erb (Duration: 0.6ms | Allocations: 142)
  Rendered layout layouts/application.html.erb (Duration: 10.8ms | Allocations: 4346)
Completed 200 OK in 15ms (Views: 13.7ms | Allocations: 5672)


Started GET "/app/views/images/logo.png" for ::1 at 2021-09-19 11:19:12 +0100
  
ActionController::RoutingError (No route matches [GET] "/app/views/images/logo.png"):
  
Started GET "/" for ::1 at 2021-09-19 11:19:26 +0100
Processing by UserController#index as HTML
  Rendering layout layouts/application.html.erb
  Rendering user/index.html.erb within layouts/application
  Rendered user/index.html.erb within layouts/application (Duration: 0.6ms | Allocations: 147)
[Webpacker] Everything's up-to-date. Nothing to do
  Rendered user/_header.html.erb (Duration: 0.6ms | Allocations: 142)
  Rendered layout layouts/application.html.erb (Duration: 11.7ms | Allocations: 4348)
Completed 200 OK in 16ms (Views: 14.7ms | Allocations: 5679)


Started GET "/Users/graemestirling/Makers/Week_8/instagram-challenge/app/views/images/logo.png" for ::1 at 2021-09-19 11:19:26 +0100
  
ActionController::RoutingError (No route matches [GET] "/Users/graemestirling/Makers/Week_8/instagram-challenge/app/views/images/logo.png"):
  
Started GET "/" for ::1 at 2021-09-19 11:20:48 +0100
Processing by UserController#index as HTML
  Rendering layout layouts/application.html.erb
  Rendering user/index.html.erb within layouts/application
  Rendered user/index.html.erb within layouts/application (Duration: 0.8ms | Allocations: 146)
[Webpacker] Everything's up-to-date. Nothing to do
  Rendered user/_header.html.erb (Duration: 0.5ms | Allocations: 142)
  Rendered layout layouts/application.html.erb (Duration: 13.2ms | Allocations: 4346)
Completed 200 OK in 17ms (Views: 15.7ms | Allocations: 5672)


Started GET "/" for ::1 at 2021-09-19 11:21:29 +0100
Processing by UserController#index as HTML
  Rendering layout layouts/application.html.erb
  Rendering user/index.html.erb within layouts/application
  Rendered user/index.html.erb within layouts/application (Duration: 0.9ms | Allocations: 149)
[Webpacker] Everything's up-to-date. Nothing to do
  Rendered user/_header.html.erb (Duration: 0.6ms | Allocations: 143)
  Rendered layout layouts/application.html.erb (Duration: 13.6ms | Allocations: 4351)
Completed 200 OK in 18ms (Views: 16.4ms | Allocations: 5719)


Started GET "/" for ::1 at 2021-09-19 11:21:42 +0100
Processing by UserController#index as HTML
  Rendering layout layouts/application.html.erb
  Rendering user/index.html.erb within layouts/application
  Rendered user/index.html.erb within layouts/application (Duration: 0.6ms | Allocations: 146)
[Webpacker] Everything's up-to-date. Nothing to do
  Rendered user/_header.html.erb (Duration: 0.6ms | Allocations: 142)
  Rendered layout layouts/application.html.erb (Duration: 13.0ms | Allocations: 4338)
Completed 200 OK in 17ms (Views: 15.8ms | Allocations: 5700)


Started GET "/" for ::1 at 2021-09-19 11:22:06 +0100
Processing by UserController#index as HTML
  Rendering layout layouts/application.html.erb
  Rendering user/index.html.erb within layouts/application
  Rendered user/index.html.erb within layouts/application (Duration: 0.1ms | Allocations: 38)
[Webpacker] Everything's up-to-date. Nothing to do
  Rendered user/_header.html.erb (Duration: 0.1ms | Allocations: 40)
  Rendered layout layouts/application.html.erb (Duration: 8.3ms | Allocations: 4027)
Completed 200 OK in 10ms (Views: 9.0ms | Allocations: 4517)


Started GET "/" for ::1 at 2021-09-19 11:22:10 +0100
Processing by UserController#index as HTML
  Rendering layout layouts/application.html.erb
  Rendering user/index.html.erb within layouts/application
  Rendered user/index.html.erb within layouts/application (Duration: 0.4ms | Allocations: 38)
[Webpacker] Everything's up-to-date. Nothing to do
  Rendered user/_header.html.erb (Duration: 0.2ms | Allocations: 40)
  Rendered layout layouts/application.html.erb (Duration: 7.8ms | Allocations: 3549)
Completed 200 OK in 9ms (Views: 8.4ms | Allocations: 3994)


Started GET "/" for ::1 at 2021-09-19 11:22:14 +0100
Processing by UserController#index as HTML
  Rendering layout layouts/application.html.erb
  Rendering user/index.html.erb within layouts/application
  Rendered user/index.html.erb within layouts/application (Duration: 0.1ms | Allocations: 38)
[Webpacker] Everything's up-to-date. Nothing to do
  Rendered user/_header.html.erb (Duration: 0.2ms | Allocations: 40)
  Rendered layout layouts/application.html.erb (Duration: 7.5ms | Allocations: 3541)
Completed 200 OK in 9ms (Views: 8.1ms | Allocations: 3984)


Started GET "/" for ::1 at 2021-09-19 11:22:14 +0100
Processing by UserController#index as HTML
  Rendering layout layouts/application.html.erb
  Rendering user/index.html.erb within layouts/application
  Rendered user/index.html.erb within layouts/application (Duration: 0.1ms | Allocations: 38)
[Webpacker] Everything's up-to-date. Nothing to do
  Rendered user/_header.html.erb (Duration: 0.2ms | Allocations: 40)
  Rendered layout layouts/application.html.erb (Duration: 7.2ms | Allocations: 3541)
Completed 200 OK in 9ms (Views: 8.2ms | Allocations: 3984)


Started GET "/" for ::1 at 2021-09-19 11:22:29 +0100
Processing by UserController#index as HTML
  Rendering layout layouts/application.html.erb
  Rendering user/index.html.erb within layouts/application
  Rendered user/index.html.erb within layouts/application (Duration: 0.1ms | Allocations: 38)
[Webpacker] Everything's up-to-date. Nothing to do
  Rendered user/_header.html.erb (Duration: 0.3ms | Allocations: 40)
  Rendered layout layouts/application.html.erb (Duration: 8.3ms | Allocations: 3541)
Completed 200 OK in 10ms (Views: 9.1ms | Allocations: 3985)


Started GET "/" for ::1 at 2021-09-19 11:22:30 +0100
Processing by UserController#index as HTML
  Rendering layout layouts/application.html.erb
  Rendering user/index.html.erb within layouts/application
  Rendered user/index.html.erb within layouts/application (Duration: 0.1ms | Allocations: 38)
[Webpacker] Everything's up-to-date. Nothing to do
  Rendered user/_header.html.erb (Duration: 0.2ms | Allocations: 40)
  Rendered layout layouts/application.html.erb (Duration: 6.5ms | Allocations: 3541)
Completed 200 OK in 8ms (Views: 7.4ms | Allocations: 3984)


Started GET "/" for ::1 at 2021-09-19 11:22:31 +0100
Processing by UserController#index as HTML
  Rendering layout layouts/application.html.erb
  Rendering user/index.html.erb within layouts/application
  Rendered user/index.html.erb within layouts/application (Duration: 0.1ms | Allocations: 38)
[Webpacker] Everything's up-to-date. Nothing to do
  Rendered user/_header.html.erb (Duration: 0.1ms | Allocations: 40)
  Rendered layout layouts/application.html.erb (Duration: 6.1ms | Allocations: 3541)
Completed 200 OK in 8ms (Views: 6.8ms | Allocations: 3984)


Started GET "/" for ::1 at 2021-09-19 11:23:03 +0100
Processing by UserController#index as HTML
  Rendering layout layouts/application.html.erb
  Rendering user/index.html.erb within layouts/application
  Rendered user/index.html.erb within layouts/application (Duration: 0.9ms | Allocations: 147)
[Webpacker] Everything's up-to-date. Nothing to do
  Rendered user/_header.html.erb (Duration: 0.5ms | Allocations: 138)
  Rendered layout layouts/application.html.erb (Duration: 11.6ms | Allocations: 4343)
Completed 200 OK in 15ms (Views: 14.1ms | Allocations: 5663)


Started GET "/" for ::1 at 2021-09-19 11:24:10 +0100
Processing by UserController#index as HTML
  Rendering layout layouts/application.html.erb
  Rendering user/index.html.erb within layouts/application
  Rendered user/index.html.erb within layouts/application (Duration: 0.6ms | Allocations: 149)
[Webpacker] Everything's up-to-date. Nothing to do
  Rendered user/_header.html.erb (Duration: 0.5ms | Allocations: 139)
  Rendered layout layouts/application.html.erb (Duration: 12.3ms | Allocations: 4347)
Completed 200 OK in 16ms (Views: 14.8ms | Allocations: 5715)


Started GET "/" for ::1 at 2021-09-19 11:25:06 +0100
Processing by UserController#index as HTML
  Rendering layout layouts/application.html.erb
  Rendering user/index.html.erb within layouts/application
  Rendered user/index.html.erb within layouts/application (Duration: 0.5ms | Allocations: 147)
[Webpacker] Everything's up-to-date. Nothing to do
  Rendered user/_header.html.erb (Duration: 0.6ms | Allocations: 138)
  Rendered layout layouts/application.html.erb (Duration: 13.7ms | Allocations: 4344)
Completed 200 OK in 17ms (Views: 16.0ms | Allocations: 5712)


Started GET "/" for ::1 at 2021-09-19 11:25:10 +0100
Processing by UserController#index as HTML
  Rendering layout layouts/application.html.erb
  Rendering user/index.html.erb within layouts/application
  Rendered user/index.html.erb within layouts/application (Duration: 0.3ms | Allocations: 38)
[Webpacker] Everything's up-to-date. Nothing to do
  Rendered user/_header.html.erb (Duration: 0.5ms | Allocations: 40)
  Rendered layout layouts/application.html.erb (Duration: 8.1ms | Allocations: 3541)
Completed 200 OK in 10ms (Views: 8.7ms | Allocations: 4029)


Started GET "/" for ::1 at 2021-09-19 11:25:36 +0100
Processing by UserController#index as HTML
  Rendering layout layouts/application.html.erb
  Rendering user/index.html.erb within layouts/application
  Rendered user/index.html.erb within layouts/application (Duration: 0.5ms | Allocations: 146)
[Webpacker] Everything's up-to-date. Nothing to do
  Rendered user/_header.html.erb (Duration: 0.5ms | Allocations: 138)
  Rendered layout layouts/application.html.erb (Duration: 10.3ms | Allocations: 4342)
Completed 200 OK in 14ms (Views: 13.0ms | Allocations: 5658)


Started GET "/" for ::1 at 2021-09-19 11:26:27 +0100
Processing by UserController#index as HTML
  Rendering layout layouts/application.html.erb
  Rendering user/index.html.erb within layouts/application
  Rendered user/index.html.erb within layouts/application (Duration: 0.8ms | Allocations: 146)
[Webpacker] Everything's up-to-date. Nothing to do
  Rendered user/_header.html.erb (Duration: 0.3ms | Allocations: 138)
  Rendered layout layouts/application.html.erb (Duration: 15.5ms | Allocations: 4334)
Completed 200 OK in 20ms (Views: 19.0ms | Allocations: 5696)


Started GET "/" for ::1 at 2021-09-19 11:26:54 +0100
Processing by UserController#index as HTML
  Rendering layout layouts/application.html.erb
  Rendering user/index.html.erb within layouts/application
  Rendered user/index.html.erb within layouts/application (Duration: 0.5ms | Allocations: 146)
[Webpacker] Everything's up-to-date. Nothing to do
  Rendered user/_header.html.erb (Duration: 1.4ms | Allocations: 137)
  Rendered layout layouts/application.html.erb (Duration: 10.6ms | Allocations: 4333)
Completed 200 OK in 14ms (Views: 13.1ms | Allocations: 5694)


Started GET "/" for ::1 at 2021-09-19 11:27:24 +0100
Processing by UserController#index as HTML
  Rendering layout layouts/application.html.erb
  Rendering user/index.html.erb within layouts/application
  Rendered user/index.html.erb within layouts/application (Duration: 0.6ms | Allocations: 150)
[Webpacker] Everything's up-to-date. Nothing to do
  Rendered user/_header.html.erb (Duration: 0.5ms | Allocations: 139)
  Rendered layout layouts/application.html.erb (Duration: 12.0ms | Allocations: 4348)
Completed 200 OK in 21ms (Views: 19.2ms | Allocations: 5716)


Started GET "/" for ::1 at 2021-09-19 11:27:35 +0100
Processing by UserController#index as HTML
  Rendering layout layouts/application.html.erb
  Rendering user/index.html.erb within layouts/application
  Rendered user/index.html.erb within layouts/application (Duration: 0.8ms | Allocations: 147)
[Webpacker] Everything's up-to-date. Nothing to do
  Rendered user/_header.html.erb (Duration: 0.5ms | Allocations: 139)
  Rendered layout layouts/application.html.erb (Duration: 15.3ms | Allocations: 4345)
Completed 200 OK in 20ms (Views: 18.7ms | Allocations: 5713)


Started GET "/users/home" for ::1 at 2021-09-19 11:32:32 +0100
  
ActionController::RoutingError (No route matches [GET] "/users/home"):
  
Started GET "/users/signup" for ::1 at 2021-09-19 11:32:45 +0100
  
ActionController::RoutingError (No route matches [GET] "/users/signup"):
  
Started GET "/user/signup" for ::1 at 2021-09-19 11:32:55 +0100
Processing by UserController#signup as HTML
  Rendering layout layouts/application.html.erb
  Rendering user/signup.html.erb within layouts/application
  Rendered user/signup.html.erb within layouts/application (Duration: 1.2ms | Allocations: 107)
[Webpacker] Everything's up-to-date. Nothing to do
  Rendered user/_header.html.erb (Duration: 0.1ms | Allocations: 40)
  Rendered layout layouts/application.html.erb (Duration: 12.4ms | Allocations: 3617)
Completed 200 OK in 15ms (Views: 13.1ms | Allocations: 4201)


Started GET "/user/signup" for ::1 at 2021-09-19 11:34:29 +0100
Processing by UserController#signup as HTML
  Rendering layout layouts/application.html.erb
  Rendering user/signup.html.erb within layouts/application
  Rendered user/signup.html.erb within layouts/application (Duration: 0.3ms | Allocations: 140)
[Webpacker] Everything's up-to-date. Nothing to do
  Rendered user/_header.html.erb (Duration: 0.4ms | Allocations: 137)
  Rendered layout layouts/application.html.erb (Duration: 8.8ms | Allocations: 4335)
Completed 200 OK in 12ms (Views: 10.7ms | Allocations: 5649)


Started GET "/user/signup" for ::1 at 2021-09-19 11:34:41 +0100
Processing by UserController#signup as HTML
  Rendering layout layouts/application.html.erb
  Rendering user/signup.html.erb within layouts/application
  Rendered user/signup.html.erb within layouts/application (Duration: 0.5ms | Allocations: 139)
[Webpacker] Everything's up-to-date. Nothing to do
  Rendered user/_header.html.erb (Duration: 0.6ms | Allocations: 136)
  Rendered layout layouts/application.html.erb (Duration: 11.0ms | Allocations: 4324)
Completed 200 OK in 15ms (Views: 13.3ms | Allocations: 5686)


Started GET "/user/signup" for ::1 at 2021-09-19 11:38:35 +0100
Processing by UserController#signup as HTML
  Rendering layout layouts/application.html.erb
  Rendering user/signup.html.erb within layouts/application
  Rendered user/signup.html.erb within layouts/application (Duration: 0.6ms | Allocations: 145)
[Webpacker] Everything's up-to-date. Nothing to do
  Rendered user/_header.html.erb (Duration: 0.5ms | Allocations: 135)
  Rendered layout layouts/application.html.erb (Duration: 11.8ms | Allocations: 4330)
Completed 200 OK in 17ms (Views: 15.7ms | Allocations: 5692)


Started GET "/user/signup" for ::1 at 2021-09-19 11:39:07 +0100
Processing by UserController#signup as HTML
  Rendering layout layouts/application.html.erb
  Rendering user/signup.html.erb within layouts/application
  Rendered user/signup.html.erb within layouts/application (Duration: 0.6ms | Allocations: 150)
[Webpacker] Everything's up-to-date. Nothing to do
  Rendered user/_header.html.erb (Duration: 1.1ms | Allocations: 135)
  Rendered layout layouts/application.html.erb (Duration: 11.4ms | Allocations: 4344)
Completed 200 OK in 16ms (Views: 14.2ms | Allocations: 5712)


Started GET "/user/signup" for ::1 at 2021-09-19 11:39:27 +0100
Processing by UserController#signup as HTML
  Rendering layout layouts/application.html.erb
  Rendering user/signup.html.erb within layouts/application
  Rendered user/signup.html.erb within layouts/application (Duration: 0.5ms | Allocations: 146)
[Webpacker] Everything's up-to-date. Nothing to do
  Rendered user/_header.html.erb (Duration: 0.8ms | Allocations: 135)
  Rendered layout layouts/application.html.erb (Duration: 12.7ms | Allocations: 4340)
Completed 200 OK in 17ms (Views: 15.5ms | Allocations: 5707)


Started GET "/user/signup" for ::1 at 2021-09-19 11:39:53 +0100
Processing by UserController#signup as HTML
  Rendering layout layouts/application.html.erb
  Rendering user/signup.html.erb within layouts/application
  Rendered user/signup.html.erb within layouts/application (Duration: 0.5ms | Allocations: 149)
[Webpacker] Everything's up-to-date. Nothing to do
  Rendered user/_header.html.erb (Duration: 0.7ms | Allocations: 135)
  Rendered layout layouts/application.html.erb (Duration: 12.1ms | Allocations: 4334)
Completed 200 OK in 16ms (Views: 14.8ms | Allocations: 5696)


Started GET "/user/signup" for ::1 at 2021-09-19 11:40:02 +0100
Processing by UserController#signup as HTML
  Rendering layout layouts/application.html.erb
  Rendering user/signup.html.erb within layouts/application
  Rendered user/signup.html.erb within layouts/application (Duration: 0.5ms | Allocations: 150)
[Webpacker] Everything's up-to-date. Nothing to do
  Rendered user/_header.html.erb (Duration: 0.5ms | Allocations: 135)
  Rendered layout layouts/application.html.erb (Duration: 12.0ms | Allocations: 4335)
Completed 200 OK in 16ms (Views: 14.3ms | Allocations: 5696)


Started GET "/user/signup" for ::1 at 2021-09-19 11:40:16 +0100
Processing by UserController#signup as HTML
  Rendering layout layouts/application.html.erb
  Rendering user/signup.html.erb within layouts/application
  Rendered user/signup.html.erb within layouts/application (Duration: 0.5ms | Allocations: 149)
[Webpacker] Everything's up-to-date. Nothing to do
  Rendered user/_header.html.erb (Duration: 0.6ms | Allocations: 135)
  Rendered layout layouts/application.html.erb (Duration: 12.2ms | Allocations: 4334)
Completed 200 OK in 16ms (Views: 14.5ms | Allocations: 5695)


Started GET "/user/signup" for ::1 at 2021-09-19 11:40:26 +0100
Processing by UserController#signup as HTML
  Rendering layout layouts/application.html.erb
  Rendering user/signup.html.erb within layouts/application
  Rendered user/signup.html.erb within layouts/application (Duration: 0.6ms | Allocations: 153)
[Webpacker] Everything's up-to-date. Nothing to do
  Rendered user/_header.html.erb (Duration: 0.4ms | Allocations: 135)
  Rendered layout layouts/application.html.erb (Duration: 9.5ms | Allocations: 4347)
Completed 200 OK in 20ms (Views: 18.7ms | Allocations: 5713)


Started GET "/user/signup" for ::1 at 2021-09-19 11:41:15 +0100
Processing by UserController#signup as HTML
  Rendering layout layouts/application.html.erb
  Rendering user/signup.html.erb within layouts/application
  Rendered user/signup.html.erb within layouts/application (Duration: 0.7ms | Allocations: 150)
[Webpacker] Everything's up-to-date. Nothing to do
  Rendered user/_header.html.erb (Duration: 0.7ms | Allocations: 135)
  Rendered layout layouts/application.html.erb (Duration: 15.2ms | Allocations: 4344)
Completed 200 OK in 20ms (Views: 18.3ms | Allocations: 5712)


Started GET "/user/signup" for ::1 at 2021-09-19 11:42:08 +0100
Processing by UserController#signup as HTML
  Rendering layout layouts/application.html.erb
  Rendering user/signup.html.erb within layouts/application
  Rendered user/signup.html.erb within layouts/application (Duration: 0.6ms | Allocations: 162)
[Webpacker] Everything's up-to-date. Nothing to do
  Rendered user/_header.html.erb (Duration: 1.0ms | Allocations: 135)
  Rendered layout layouts/application.html.erb (Duration: 12.1ms | Allocations: 4356)
Completed 200 OK in 17ms (Views: 14.8ms | Allocations: 5722)


Started GET "/user/signup" for ::1 at 2021-09-19 11:42:29 +0100
Processing by UserController#signup as HTML
  Rendering layout layouts/application.html.erb
  Rendering user/signup.html.erb within layouts/application
  Rendered user/signup.html.erb within layouts/application (Duration: 0.6ms | Allocations: 161)
[Webpacker] Everything's up-to-date. Nothing to do
  Rendered user/_header.html.erb (Duration: 1.0ms | Allocations: 135)
  Rendered layout layouts/application.html.erb (Duration: 14.2ms | Allocations: 4346)
Completed 200 OK in 19ms (Views: 17.4ms | Allocations: 5708)


Started GET "/user/signup" for ::1 at 2021-09-19 11:42:43 +0100
Processing by UserController#signup as HTML
  Rendering layout layouts/application.html.erb
  Rendering user/signup.html.erb within layouts/application
  Rendered user/signup.html.erb within layouts/application (Duration: 0.6ms | Allocations: 161)
[Webpacker] Everything's up-to-date. Nothing to do
  Rendered user/_header.html.erb (Duration: 0.9ms | Allocations: 135)
  Rendered layout layouts/application.html.erb (Duration: 13.9ms | Allocations: 4346)
Completed 200 OK in 20ms (Views: 17.2ms | Allocations: 5707)


Started GET "/user/signup" for ::1 at 2021-09-19 11:43:01 +0100
Processing by UserController#signup as HTML
  Rendering layout layouts/application.html.erb
  Rendering user/signup.html.erb within layouts/application
  Rendered user/signup.html.erb within layouts/application (Duration: 0.7ms | Allocations: 166)
[Webpacker] Everything's up-to-date. Nothing to do
  Rendered user/_header.html.erb (Duration: 0.8ms | Allocations: 135)
  Rendered layout layouts/application.html.erb (Duration: 13.3ms | Allocations: 4360)
Completed 200 OK in 19ms (Views: 16.7ms | Allocations: 5728)


Started GET "/user/signup" for ::1 at 2021-09-19 11:43:12 +0100
Processing by UserController#signup as HTML
  Rendering layout layouts/application.html.erb
  Rendering user/signup.html.erb within layouts/application
  Rendered user/signup.html.erb within layouts/application (Duration: 0.6ms | Allocations: 161)
[Webpacker] Everything's up-to-date. Nothing to do
  Rendered user/_header.html.erb (Duration: 0.7ms | Allocations: 136)
  Rendered layout layouts/application.html.erb (Duration: 13.0ms | Allocations: 4353)
Completed 200 OK in 17ms (Views: 15.6ms | Allocations: 5715)


Started GET "/user/signup" for ::1 at 2021-09-19 11:43:43 +0100
Processing by UserController#signup as HTML
  Rendering layout layouts/application.html.erb
  Rendering user/signup.html.erb within layouts/application
  Rendered user/signup.html.erb within layouts/application (Duration: 1.0ms | Allocations: 161)
[Webpacker] Everything's up-to-date. Nothing to do
  Rendered user/_header.html.erb (Duration: 0.9ms | Allocations: 135)
  Rendered layout layouts/application.html.erb (Duration: 13.0ms | Allocations: 4349)
Completed 200 OK in 19ms (Views: 17.1ms | Allocations: 5715)


Started GET "/user/signup" for ::1 at 2021-09-19 11:43:58 +0100
Processing by UserController#signup as HTML
  Rendering layout layouts/application.html.erb
  Rendering user/signup.html.erb within layouts/application
  Rendered user/signup.html.erb within layouts/application (Duration: 0.6ms | Allocations: 162)
[Webpacker] Everything's up-to-date. Nothing to do
  Rendered user/_header.html.erb (Duration: 0.6ms | Allocations: 135)
  Rendered layout layouts/application.html.erb (Duration: 10.6ms | Allocations: 4347)
Completed 200 OK in 15ms (Views: 13.6ms | Allocations: 5709)


Started GET "/user/signup" for ::1 at 2021-09-19 11:44:27 +0100
Processing by UserController#signup as HTML
  Rendering layout layouts/application.html.erb
  Rendering user/signup.html.erb within layouts/application
  Rendered user/signup.html.erb within layouts/application (Duration: 0.1ms | Allocations: 38)
[Webpacker] Everything's up-to-date. Nothing to do
  Rendered user/_header.html.erb (Duration: 0.1ms | Allocations: 41)
  Rendered layout layouts/application.html.erb (Duration: 16.9ms | Allocations: 4135)
Completed 200 OK in 19ms (Views: 17.6ms | Allocations: 4626)


Started GET "/user/signup" for ::1 at 2021-09-19 11:45:11 +0100
Processing by UserController#signup as HTML
  Rendering layout layouts/application.html.erb
  Rendering user/signup.html.erb within layouts/application
  Rendered user/signup.html.erb within layouts/application (Duration: 0.8ms | Allocations: 162)
[Webpacker] Everything's up-to-date. Nothing to do
  Rendered user/_header.html.erb (Duration: 1.0ms | Allocations: 135)
  Rendered layout layouts/application.html.erb (Duration: 13.8ms | Allocations: 4354)
Completed 200 OK in 19ms (Views: 17.3ms | Allocations: 5673)


Started GET "/user/signup" for ::1 at 2021-09-19 11:45:55 +0100
Processing by UserController#signup as HTML
  Rendering layout layouts/application.html.erb
  Rendering user/signup.html.erb within layouts/application
  Rendered user/signup.html.erb within layouts/application (Duration: 0.6ms | Allocations: 167)
[Webpacker] Everything's up-to-date. Nothing to do
  Rendered user/_header.html.erb (Duration: 0.7ms | Allocations: 135)
  Rendered layout layouts/application.html.erb (Duration: 10.8ms | Allocations: 4361)
Completed 200 OK in 15ms (Views: 13.2ms | Allocations: 5729)


Started GET "/user/signup" for ::1 at 2021-09-19 11:46:08 +0100
Processing by UserController#signup as HTML
  Rendering layout layouts/application.html.erb
  Rendering user/signup.html.erb within layouts/application
  Rendered user/signup.html.erb within layouts/application (Duration: 0.5ms | Allocations: 166)
[Webpacker] Everything's up-to-date. Nothing to do
  Rendered user/_header.html.erb (Duration: 0.6ms | Allocations: 135)
  Rendered layout layouts/application.html.erb (Duration: 10.9ms | Allocations: 4352)
Completed 200 OK in 15ms (Views: 13.8ms | Allocations: 5718)


Started GET "/user/signup" for ::1 at 2021-09-19 11:46:58 +0100
Processing by UserController#signup as HTML
  Rendering layout layouts/application.html.erb
  Rendering user/signup.html.erb within layouts/application
  Rendered user/signup.html.erb within layouts/application (Duration: 0.8ms | Allocations: 163)
[Webpacker] Everything's up-to-date. Nothing to do
  Rendered user/_header.html.erb (Duration: 0.7ms | Allocations: 135)
  Rendered layout layouts/application.html.erb (Duration: 12.1ms | Allocations: 4348)
Completed 200 OK in 18ms (Views: 16.3ms | Allocations: 5709)


Started GET "/user/signup" for ::1 at 2021-09-19 11:47:30 +0100
Processing by UserController#signup as HTML
  Rendering layout layouts/application.html.erb
  Rendering user/signup.html.erb within layouts/application
  Rendered user/signup.html.erb within layouts/application (Duration: 0.6ms | Allocations: 167)
[Webpacker] Everything's up-to-date. Nothing to do
  Rendered user/_header.html.erb (Duration: 0.5ms | Allocations: 135)
  Rendered layout layouts/application.html.erb (Duration: 12.1ms | Allocations: 4361)
Completed 200 OK in 17ms (Views: 15.2ms | Allocations: 5729)


