current directory: /Users/aracho/Makers/Projects/week8/instagram-challenge/.bundle/ruby/2.6.0/gems/puma-5.2.0/ext/puma_http11
/Users/aracho/.rvm/rubies/ruby-2.6.5/bin/ruby -I /Users/aracho/.rvm/rubies/ruby-2.6.5/lib/ruby/site_ruby/2.6.0 -r ./siteconf20210201-67299-63riko.rb extconf.rb
checking for BIO_read() in -lcrypto... yes
checking for SSL_CTX_new() in -lssl... yes
checking for openssl/bio.h... yes
checking for DTLS_method() in openssl/ssl.h... yes
checking for TLS_server_method() in openssl/ssl.h... yes
checking for SSL_CTX_set_min_proto_version(NULL, 0) in openssl/ssl.h... yes
checking for X509_STORE_up_ref()... yes
checking for SSL_CTX_set_ecdh_auto(NULL, 0) in openssl/ssl.h... yes
creating Makefile

current directory: /Users/aracho/Makers/Projects/week8/instagram-challenge/.bundle/ruby/2.6.0/gems/puma-5.2.0/ext/puma_http11
make DESTDIR\= clean

current directory: /Users/aracho/Makers/Projects/week8/instagram-challenge/.bundle/ruby/2.6.0/gems/puma-5.2.0/ext/puma_http11
make DESTDIR\=
compiling http11_parser.c
compiling mini_ssl.c
compiling puma_http11.c
linking shared-object puma/puma_http11.bundle

current directory: /Users/aracho/Makers/Projects/week8/instagram-challenge/.bundle/ruby/2.6.0/gems/puma-5.2.0/ext/puma_http11
make DESTDIR\= install
/usr/local/opt/coreutils/bin/ginstall -c -m 0755 puma_http11.bundle ./.gem.20210201-67299-79ah3q/puma
