Started GET "/" for ::1 at 2021-02-27 16:42:18 +0000
  [1m[35m (0.6ms)[0m  [1m[34mSELECT sqlite_version(*)[0m
  [1m[35m (0.1ms)[0m  [1m[34mSELECT "schema_migrations"."version" FROM "schema_migrations" ORDER BY "schema_migrations"."version" ASC[0m
Processing by InztagramController#index as HTML
  Rendering layout layouts/application.html.erb
  Rendering inztagram/index.html.erb within layouts/application
  Rendered inztagram/index.html.erb within layouts/application (Duration: 0.6ms | Allocations: 224)
[Webpacker] Everything's up-to-date. Nothing to do
  Rendered shared/_navbar.html.erb (Duration: 0.6ms | Allocations: 289)
  Rendered layout layouts/application.html.erb (Duration: 12.5ms | Allocations: 6614)
Completed 200 OK in 21ms (Views: 14.6ms | ActiveRecord: 0.0ms | Allocations: 9207)


Started GET "/about-us" for ::1 at 2021-02-27 16:42:19 +0000
Processing by AboutController#index as HTML
  Rendering layout layouts/application.html.erb
  Rendering about/index.html.erb within layouts/application
  Rendered about/index.html.erb within layouts/application (Duration: 1.2ms | Allocations: 130)
[Webpacker] Everything's up-to-date. Nothing to do
  Rendered shared/_navbar.html.erb (Duration: 0.4ms | Allocations: 117)
  Rendered layout layouts/application.html.erb (Duration: 12.7ms | Allocations: 3911)
Completed 200 OK in 18ms (Views: 16.0ms | ActiveRecord: 0.0ms | Allocations: 5267)


Started GET "/" for ::1 at 2021-02-27 16:42:20 +0000
Processing by InztagramController#index as HTML
  Rendering layout layouts/application.html.erb
  Rendering inztagram/index.html.erb within layouts/application
  Rendered inztagram/index.html.erb within layouts/application (Duration: 0.1ms | Allocations: 38)
[Webpacker] Everything's up-to-date. Nothing to do
  Rendered shared/_navbar.html.erb (Duration: 0.6ms | Allocations: 117)
  Rendered layout layouts/application.html.erb (Duration: 14.8ms | Allocations: 4367)
Completed 200 OK in 16ms (Views: 15.4ms | ActiveRecord: 0.0ms | Allocations: 4750)


Started GET "/" for ::1 at 2021-02-27 16:42:20 +0000
Processing by InztagramController#index as HTML
  Rendering layout layouts/application.html.erb
  Rendering inztagram/index.html.erb within layouts/application
  Rendered inztagram/index.html.erb within layouts/application (Duration: 0.1ms | Allocations: 38)
[Webpacker] Everything's up-to-date. Nothing to do
  Rendered shared/_navbar.html.erb (Duration: 0.5ms | Allocations: 111)
  Rendered layout layouts/application.html.erb (Duration: 10.8ms | Allocations: 3731)
Completed 200 OK in 12ms (Views: 11.4ms | ActiveRecord: 0.0ms | Allocations: 4113)


Started GET "/" for ::1 at 2021-02-27 16:42:21 +0000
Processing by InztagramController#index as HTML
  Rendering layout layouts/application.html.erb
  Rendering inztagram/index.html.erb within layouts/application
  Rendered inztagram/index.html.erb within layouts/application (Duration: 0.1ms | Allocations: 38)
[Webpacker] Everything's up-to-date. Nothing to do
  Rendered shared/_navbar.html.erb (Duration: 0.4ms | Allocations: 111)
  Rendered layout layouts/application.html.erb (Duration: 10.6ms | Allocations: 3729)
Completed 200 OK in 12ms (Views: 11.4ms | ActiveRecord: 0.0ms | Allocations: 4106)


Started GET "/about-us" for ::1 at 2021-02-27 16:42:21 +0000
Processing by AboutController#index as HTML
  Rendering layout layouts/application.html.erb
  Rendering about/index.html.erb within layouts/application
  Rendered about/index.html.erb within layouts/application (Duration: 0.1ms | Allocations: 38)
[Webpacker] Everything's up-to-date. Nothing to do
  Rendered shared/_navbar.html.erb (Duration: 0.4ms | Allocations: 111)
  Rendered layout layouts/application.html.erb (Duration: 13.1ms | Allocations: 4350)
Completed 200 OK in 15ms (Views: 13.7ms | ActiveRecord: 0.0ms | Allocations: 4733)


Started GET "/" for ::1 at 2021-02-27 16:42:22 +0000
Processing by InztagramController#index as HTML
  Rendering layout layouts/application.html.erb
  Rendering inztagram/index.html.erb within layouts/application
  Rendered inztagram/index.html.erb within layouts/application (Duration: 0.1ms | Allocations: 38)
[Webpacker] Everything's up-to-date. Nothing to do
  Rendered shared/_navbar.html.erb (Duration: 0.5ms | Allocations: 111)
  Rendered layout layouts/application.html.erb (Duration: 13.1ms | Allocations: 4352)
Completed 200 OK in 15ms (Views: 13.8ms | ActiveRecord: 0.0ms | Allocations: 4729)


Started GET "/about-us" for ::1 at 2021-02-27 17:02:54 +0000
  [1m[35m (0.6ms)[0m  [1m[34mSELECT sqlite_version(*)[0m
  [1m[35m (0.1ms)[0m  [1m[34mSELECT "schema_migrations"."version" FROM "schema_migrations" ORDER BY "schema_migrations"."version" ASC[0m
Processing by AboutController#index as HTML
  Rendering layout layouts/application.html.erb
  Rendering about/index.html.erb within layouts/application
  Rendered about/index.html.erb within layouts/application (Duration: 0.6ms | Allocations: 221)
[Webpacker] Everything's up-to-date. Nothing to do
  Rendered shared/_navbar.html.erb (Duration: 0.6ms | Allocations: 289)
  Rendered layout layouts/application.html.erb (Duration: 11.3ms | Allocations: 6285)
Completed 200 OK in 21ms (Views: 13.7ms | ActiveRecord: 0.0ms | Allocations: 8876)


Started GET "/about-us" for ::1 at 2021-02-27 17:02:56 +0000
Processing by AboutController#index as HTML
  Rendering layout layouts/application.html.erb
  Rendering about/index.html.erb within layouts/application
  Rendered about/index.html.erb within layouts/application (Duration: 0.2ms | Allocations: 38)
[Webpacker] Everything's up-to-date. Nothing to do
  Rendered shared/_navbar.html.erb (Duration: 0.8ms | Allocations: 111)
  Rendered layout layouts/application.html.erb (Duration: 14.7ms | Allocations: 3734)
Completed 200 OK in 17ms (Views: 15.6ms | ActiveRecord: 0.0ms | Allocations: 4116)


