current directory: /Users/aracho/Makers/Projects/week8/instagram-challenge/.bundle/ruby/2.6.0/gems/msgpack-1.4.1/ext/msgpack
/Users/aracho/.rvm/rubies/ruby-2.6.5/bin/ruby -I /Users/aracho/.rvm/rubies/ruby-2.6.5/lib/ruby/site_ruby/2.6.0 -r ./siteconf20210201-41726-uctrvt.rb extconf.rb
checking for ruby/st.h... yes
checking for st.h... yes
checking for rb_str_replace() in ruby.h... yes
checking for rb_intern_str() in ruby.h... yes
checking for rb_enc_interned_str() in ruby.h... no
checking for rb_sym2str() in ruby.h... yes
checking for rb_str_intern() in ruby.h... yes
checking for rb_block_lambda() in ruby.h... yes
checking for rb_hash_dup() in ruby.h... yes
checking for rb_hash_clear() in ruby.h... yes
creating Makefile

current directory: /Users/aracho/Makers/Projects/week8/instagram-challenge/.bundle/ruby/2.6.0/gems/msgpack-1.4.1/ext/msgpack
make DESTDIR\= clean

current directory: /Users/aracho/Makers/Projects/week8/instagram-challenge/.bundle/ruby/2.6.0/gems/msgpack-1.4.1/ext/msgpack
make DESTDIR\=
compiling buffer.c
compiling buffer_class.c
compiling extension_value_class.c
compiling factory_class.c
compiling packer.c
compiling packer_class.c
compiling packer_ext_registry.c
compiling rbinit.c
compiling rmem.c
compiling unpacker.c
compiling unpacker_class.c
unpacker_class.c:137:1: warning: function 'raise_unpacker_error' could be declared with attribute 'noreturn' [-Wmissing-noreturn]
{
^
unpacker_class.c:225:14: warning: unused function 'Unpacker_peek_next_type' [-Wunused-function]
static VALUE Unpacker_peek_next_type(VALUE self)
             ^
2 warnings generated.
compiling unpacker_ext_registry.c
linking shared-object msgpack/msgpack.bundle

current directory: /Users/aracho/Makers/Projects/week8/instagram-challenge/.bundle/ruby/2.6.0/gems/msgpack-1.4.1/ext/msgpack
make DESTDIR\= install
/usr/local/opt/coreutils/bin/ginstall -c -m 0755 msgpack.bundle ./.gem.20210201-41726-tv7yt8/msgpack
